==================== Training Setting ====================
Namespace(epochs=200, iterations=None, batch_size=256, lr=0.1, network='resnet18', dataset='cifar10', iterations_per_testing=800, data_dir='../data/', base_dir='./model/cifar10', task_name='all-data', coreset=False, coreset_mode=None, data_score_path=None, coreset_key=None, data_score_descending=0, class_balanced=0, coreset_ratio=None, mis_key=None, mis_data_score_descending=0, mis_ratio=None, reversed_ratio=None, gpuid='0')
==========================================================
Last ckpt path: ./model/cifar10/all-data/ckpt-last.pt
Data dir: ../data/cifar10
Downloading https://www.cs.toronto.edu/~kriz/cifar-10-python.tar.gz to ../data/cifar10/cifar-10-python.tar.gz
Extracting ../data/cifar10/cifar-10-python.tar.gz to ../data/cifar10
50000
Files already downloaded and verified
10000
resnet18
Total epoch: 200
Iterations per epoch: 196
Total iterations: 39200
Epochs per testing: 4
**************************
0/196
>> batch_idx [0]: Time consumed: 0.92
60/196
>> batch_idx [60]: Time consumed: 7.92
